[debug] [2018-06-20T19:40:32.433Z] ----------------------------------------------------------------------
[debug] [2018-06-20T19:40:32.441Z] Command:       C:\Program Files\nodejs\node.exe C:\Users\nafiutc\AppData\Roaming\npm\node_modules\firebase-tools\bin\firebase deploy
[debug] [2018-06-20T19:40:32.441Z] CLI Version:   3.18.6
[debug] [2018-06-20T19:40:32.441Z] Platform:      win32
[debug] [2018-06-20T19:40:32.441Z] Node Version:  v8.11.2
[debug] [2018-06-20T19:40:32.442Z] Time:          Wed Jun 20 2018 15:40:32 GMT-0400 (Eastern Daylight Time)
[debug] [2018-06-20T19:40:32.442Z] ----------------------------------------------------------------------
[debug] 
[debug] [2018-06-20T19:40:32.447Z] > command requires scopes: ["email","openid","https://www.googleapis.com/auth/cloudplatformprojects.readonly","https://www.googleapis.com/auth/firebase","https://www.googleapis.com/auth/cloud-platform"]
[debug] [2018-06-20T19:40:32.447Z] > authorizing via signed-in user
[debug] [2018-06-20T19:40:32.451Z] >>> HTTP REQUEST GET https://admin.firebase.com/v1/projects/chatterang-xtbcs218  
  
 Wed Jun 20 2018 15:40:32 GMT-0400 (Eastern Daylight Time)
[debug] [2018-06-20T19:40:32.720Z] <<< HTTP RESPONSE 200
[debug] [2018-06-20T19:40:32.721Z] >>> HTTP REQUEST GET https://admin.firebase.com/v1/database/chatterang-xtbcs218/tokens  
  
 Wed Jun 20 2018 15:40:32 GMT-0400 (Eastern Daylight Time)
[debug] [2018-06-20T19:40:33.209Z] <<< HTTP RESPONSE 200
[info] 
[info] === Deploying to 'chatterang-xtbcs218'...
[info] 
[info] i  deploying hosting
[info] i  hosting: preparing build directory for upload...
[debug] [2018-06-20T19:40:34.176Z] >>> HTTP REQUEST PUT https://deploy.firebase.com/v1/hosting/chatterang-xtbcs218/uploads/-LFThb8wS8bohEdlpKoO?fileCount=9&message=  
  
 Wed Jun 20 2018 15:40:34 GMT-0400 (Eastern Daylight Time)
[debug] [2018-06-20T19:42:16.908Z] Error: socket hang up
    at createHangUpError (_http_client.js:331:15)
    at TLSSocket.socketOnEnd (_http_client.js:423:23)
    at emitNone (events.js:111:20)
    at TLSSocket.emit (events.js:208:7)
    at endReadableNT (_stream_readable.js:1064:12)
    at _combinedTickCallback (internal/process/next_tick.js:138:11)
    at process._tickDomainCallback (internal/process/next_tick.js:218:9)
[error] 
[error] Error: Server Error. socket hang up
